<ActionList>

  <AnimatePropertyAction>
    <LifeTime>0.0</LifeTime>
    <IsBlocking>false</IsBlocking>
    <OnActionPressed>SkipSlide</OnActionPressed>
    <Field>m_position.m_x</Field>
    <Time>3.0</Time>
    <IsRelative>true</IsRelative>
    <BeginFloat>0.0</BeginFloat>
    <EndFloat>-800.0</EndFloat>
  </AnimatePropertyAction>

  <AnimatePropertyAction>
    <LifeTime>0.0</LifeTime>
    <IsBlocking>false</IsBlocking>
    <OnActionPressed>BackupSlide</OnActionPressed>
    <Field>m_position.m_x</Field>
    <Time>3.0</Time>
    <IsRelative>true</IsRelative>
    <BeginFloat>0.0</BeginFloat>
    <EndFloat>800.0</EndFloat>
  </AnimatePropertyAction>

</ActionList>